Reading control file
==================================================
$tmpdir example
$outdir /home/ben/espresso/scratch
$ppdir /home/ben/espresso/pp
$atomlist Al1 Al2 Al3 Al4
$masslist 26.982 26.982 26.982 26.982
$pplist Al.pbe-nl-kjpaw_psl.1.0.0.UPF Al.pbe-nl-kjpaw_psl.1.0.0.UPF Al.pbe-nl-kjpaw_psl.1.0.0.UPF Al.pbe-nl-kjpaw_psl.1.0.0.UPF
$structure FCC 
$alat 7.63 
$copies 1 
$nspin 0 
$mixing_mode TF 
$procs 4
$converge 3 
$run 2 
$ethreshold 0.0005
$fthreshold 0.0001
$sthreshold 500.0
$minEcutwfc 25 
$ecutwfc 35 
$ecutrho 200 
$kpoints 10 10 10 1 1 1 
$bmstrain 0.05 
$orstrain 0.02 
$testrain 0.04 
$bmsteps 10
$orsteps 10
$testeps 10
==================================================

['Al1', 'Al2', 'Al3', 'Al4']
Run
1. Make atom structure
6
2. Relaxed aLat
3. Isolated Atom
1 mpirun -np 4 pw.x < example/isolated.in > example/isolated.out
4. Unperturbed
     Input file:  example/opt.in
1 mpirun -np 4 pw.x < example/unperturbed.in > example/unperturbed.out
     Energy per atom:  -39.5028471225
     Volume per atom:  111.048725
5. Bulk Modulus
1 mpirun -np 4 pw.x < example/bm_0.in > example/bm_0.out
1 mpirun -np 4 pw.x < example/bm_1.in > example/bm_1.out
1 mpirun -np 4 pw.x < example/bm_2.in > example/bm_2.out
1 mpirun -np 4 pw.x < example/bm_3.in > example/bm_3.out
1 mpirun -np 4 pw.x < example/bm_4.in > example/bm_4.out
1 mpirun -np 4 pw.x < example/bm_5.in > example/bm_5.out
1 mpirun -np 4 pw.x < example/bm_6.in > example/bm_6.out
1 mpirun -np 4 pw.x < example/bm_7.in > example/bm_7.out
1 mpirun -np 4 pw.x < example/bm_8.in > example/bm_8.out
1 mpirun -np 4 pw.x < example/bm_9.in > example/bm_9.out
1 mpirun -np 4 pw.x < example/bm_11.in > example/bm_11.out
1 mpirun -np 4 pw.x < example/bm_12.in > example/bm_12.out
1 mpirun -np 4 pw.x < example/bm_13.in > example/bm_13.out
1 mpirun -np 4 pw.x < example/bm_14.in > example/bm_14.out
1 mpirun -np 4 pw.x < example/bm_15.in > example/bm_15.out
1 mpirun -np 4 pw.x < example/bm_16.in > example/bm_16.out
1 mpirun -np 4 pw.x < example/bm_17.in > example/bm_17.out
1 mpirun -np 4 pw.x < example/bm_18.in > example/bm_18.out
1 mpirun -np 4 pw.x < example/bm_19.in > example/bm_19.out
1 mpirun -np 4 pw.x < example/bm_20.in > example/bm_20.out
6. Cubic Elastic Constants
6a. Cubic Elastic Constants - Orthorhombic
1 mpirun -np 4 pw.x < example/ortho_1.in > example/ortho_1.out
1 mpirun -np 4 pw.x < example/ortho_2.in > example/ortho_2.out
1 mpirun -np 4 pw.x < example/ortho_3.in > example/ortho_3.out
1 mpirun -np 4 pw.x < example/ortho_4.in > example/ortho_4.out
1 mpirun -np 4 pw.x < example/ortho_5.in > example/ortho_5.out
1 mpirun -np 4 pw.x < example/ortho_6.in > example/ortho_6.out
1 mpirun -np 4 pw.x < example/ortho_7.in > example/ortho_7.out
1 mpirun -np 4 pw.x < example/ortho_8.in > example/ortho_8.out
1 mpirun -np 4 pw.x < example/ortho_9.in > example/ortho_9.out
1 mpirun -np 4 pw.x < example/ortho_10.in > example/ortho_10.out
0.782579399839 103.667415014
6a. Cubic Elastic Constants - Tetragonal
1 mpirun -np 4 pw.x < example/tetra_1.in > example/tetra_1.out
1 mpirun -np 4 pw.x < example/tetra_2.in > example/tetra_2.out
1 mpirun -np 4 pw.x < example/tetra_3.in > example/tetra_3.out
1 mpirun -np 4 pw.x < example/tetra_4.in > example/tetra_4.out
1 mpirun -np 4 pw.x < example/tetra_5.in > example/tetra_5.out
1 mpirun -np 4 pw.x < example/tetra_6.in > example/tetra_6.out
1 mpirun -np 4 pw.x < example/tetra_7.in > example/tetra_7.out
1 mpirun -np 4 pw.x < example/tetra_8.in > example/tetra_8.out
1 mpirun -np 4 pw.x < example/tetra_9.in > example/tetra_9.out
1 mpirun -np 4 pw.x < example/tetra_10.in > example/tetra_10.out

===================================================
Results
===================================================
 
Unperturbed energy (Ry): -39.5028471225
Isolated energy (Ry): -39.34291467
Cohesive energy (Ry): -0.15993245250000143  (ev): -2.1750813540000196
 
B0: 0.0054372879203  B0 (GPA): 79.842145575
B0P: 3.386325833700212
E0: -39.5948539629
V0: 113.308191113
C11 (GPA): 149.096833961
C12 (GPA): 45.429418947
C44 (GPA): 31.9575860925

