Reading control file
==================================================
$tmpdir c8
$structure ZB 
$converge 3 
$run 2 
$bmstrain 0.05 
$orstrain 0.02 
$testrain 0.04 
$bmsteps 10
$orsteps 10
$testeps 10
==================================================

[]
Run
1. Make atom structure
name c.8.bp.in
$nspin 0 
$mixing_mode TF 
6
2. Relaxed aLat
3. Isolated Atom
1 mpirun -np 4 pw.x < c8/isolated.in > c8/isolated.out
4. Unperturbed
     Input file:  c8/opt.in
1 mpirun -np 4 pw.x < c8/unperturbed.in > c8/unperturbed.out
     Energy per atom:  -18.43167506125
     Volume per atom:  38.4574625
5. Bulk Modulus
1 mpirun -np 4 pw.x < c8/bm_0.in > c8/bm_0.out
1 mpirun -np 4 pw.x < c8/bm_1.in > c8/bm_1.out
1 mpirun -np 4 pw.x < c8/bm_2.in > c8/bm_2.out
1 mpirun -np 4 pw.x < c8/bm_3.in > c8/bm_3.out
1 mpirun -np 4 pw.x < c8/bm_4.in > c8/bm_4.out
1 mpirun -np 4 pw.x < c8/bm_5.in > c8/bm_5.out
1 mpirun -np 4 pw.x < c8/bm_6.in > c8/bm_6.out
1 mpirun -np 4 pw.x < c8/bm_7.in > c8/bm_7.out
1 mpirun -np 4 pw.x < c8/bm_8.in > c8/bm_8.out
1 mpirun -np 4 pw.x < c8/bm_9.in > c8/bm_9.out
1 mpirun -np 4 pw.x < c8/bm_11.in > c8/bm_11.out
1 mpirun -np 4 pw.x < c8/bm_12.in > c8/bm_12.out
1 mpirun -np 4 pw.x < c8/bm_13.in > c8/bm_13.out
1 mpirun -np 4 pw.x < c8/bm_14.in > c8/bm_14.out
1 mpirun -np 4 pw.x < c8/bm_15.in > c8/bm_15.out
1 mpirun -np 4 pw.x < c8/bm_16.in > c8/bm_16.out
1 mpirun -np 4 pw.x < c8/bm_17.in > c8/bm_17.out
1 mpirun -np 4 pw.x < c8/bm_18.in > c8/bm_18.out
1 mpirun -np 4 pw.x < c8/bm_19.in > c8/bm_19.out
1 mpirun -np 4 pw.x < c8/bm_20.in > c8/bm_20.out
6. Cubic Elastic Constants
6a. Cubic Elastic Constants - Orthorhombic
1 mpirun -np 4 pw.x < c8/ortho_1.in > c8/ortho_1.out
1 mpirun -np 4 pw.x < c8/ortho_2.in > c8/ortho_2.out
1 mpirun -np 4 pw.x < c8/ortho_3.in > c8/ortho_3.out
1 mpirun -np 4 pw.x < c8/ortho_4.in > c8/ortho_4.out
1 mpirun -np 4 pw.x < c8/ortho_5.in > c8/ortho_5.out
1 mpirun -np 4 pw.x < c8/ortho_6.in > c8/ortho_6.out
1 mpirun -np 4 pw.x < c8/ortho_7.in > c8/ortho_7.out
1 mpirun -np 4 pw.x < c8/ortho_8.in > c8/ortho_8.out
1 mpirun -np 4 pw.x < c8/ortho_9.in > c8/ortho_9.out
1 mpirun -np 4 pw.x < c8/ortho_10.in > c8/ortho_10.out
2.31976034392 887.33973385
6a. Cubic Elastic Constants - Tetragonal
1 mpirun -np 4 pw.x < c8/tetra_1.in > c8/tetra_1.out
1 mpirun -np 4 pw.x < c8/tetra_2.in > c8/tetra_2.out
1 mpirun -np 4 pw.x < c8/tetra_3.in > c8/tetra_3.out
1 mpirun -np 4 pw.x < c8/tetra_4.in > c8/tetra_4.out
1 mpirun -np 4 pw.x < c8/tetra_5.in > c8/tetra_5.out
1 mpirun -np 4 pw.x < c8/tetra_6.in > c8/tetra_6.out
1 mpirun -np 4 pw.x < c8/tetra_7.in > c8/tetra_7.out
1 mpirun -np 4 pw.x < c8/tetra_8.in > c8/tetra_8.out
1 mpirun -np 4 pw.x < c8/tetra_9.in > c8/tetra_9.out
1 mpirun -np 4 pw.x < c8/tetra_10.in > c8/tetra_10.out

===================================================
Results
===================================================
 
Unperturbed energy (Ry): -18.43167506125
Isolated energy (Ry): -17.89461341
Cohesive energy (Ry): -0.5370616512499993  (ev): -7.30403845699999
 
B0: 0.0303656751791  B0 (GPA): 445.895213508
B0P: 3.386325833700212
E0: -18.4747059159
V0: 39.2451982321
aLat: 3.398303601030596
C11 (GPA): 1038.25408729
C12 (GPA): 150.914353439
C44 (GPA): 567.590265277
 
Time: 353.4838197231293

